file 8
   -0.012264  -0.00192436 -0.000234224   0.00133672    -0.012472  -0.00173808  -0.00402294   -0.0177379     -0.15168      1.01846
    0.111413     0.014186    0.0016464  -0.00933481    0.0919337   0.00108963    0.0155415   -0.0126332      1.05141   -0.0988474
  -0.0349999   -0.0369595  1.68609e-05  8.45682e-05   0.00571139    -0.204366     0.273968    -0.941085   -0.0131322   -0.0180342
   0.0134396 -1.68609e-05   -0.0369595  -0.00571139  8.45682e-05    0.0446127     0.963699     0.270394   -0.0118088   0.00699524
    -0.42318    -0.018729  -0.00182553    0.0100719    -0.121343    -0.935718   -0.0117632     0.215801   -0.0308817   0.00748107
  0.00765228    0.0196464     0.156131     -1.00832     0.141605    0.0101223  0.000278183  -0.00252935    0.0109547  -0.00131942
  -0.0685462    -0.161055   -0.0190559     0.108335     -1.04377    -0.104459  -0.00259689    0.0255686   -0.0928089    0.0106512
  0.00130621     0.990334  -0.00045179  -0.00226601    -0.153037   0.00762697   -0.0102246    0.0351215  0.000490096  0.000673041
-0.000501569   0.00045179     0.990334     0.153037  -0.00226601  -0.00166496   -0.0359655   -0.0100912  0.000440706 -0.000261064
    -1.02791  -0.00525885 -0.000647063   0.00369812   -0.0340839     0.184778   0.00422916  0.000645244    -0.106481   0.00910775

file 9
 file 9 0 & 0.422972 & 6.57703 & -127.267 \\
 file 9 0 & 0.577028 & 7.42297 & -127.267 \\
    0.796089    0.0284286   -0.0499244    -0.041849    -0.108528     0.617083     0.156274    0.0635731    0.0172034 -0.000141016
  -0.0805645      -0.4658     0.493466     0.331906     0.702939   -0.0752199   -0.0574464    -0.136813   -0.0800184    0.0260655
  0.00670723     0.447991     0.464372     0.667159    -0.343897  -0.00328798  -0.00575547   -0.0171941   -0.0170953    -0.150801
  -0.0149106    0.0674264     0.071853     0.102006   -0.0571686  -0.00806114    0.0566259    0.0934635     0.111971     0.977226
   0.0745347    0.0518339    -0.144237  -0.00595821    -0.132301    0.0380336    -0.222817    -0.977008     0.126397    0.0932336
     0.60863    -0.103698     0.171223    -0.113738    -0.107727    -0.783635   -0.0933669    0.0557976  -0.00402508   0.00349268
  -0.0543563    -0.295508    -0.758926     0.630429    -0.187892    0.0940902   -0.0206719   -0.0824799    0.0237288   0.00570741
   -0.157613    -0.682367     0.315728    -0.155365    -0.606881     0.139402     0.022016   -0.0133519   -0.0199743   0.00561646
   0.0385387  -0.00325826    0.0113824   -0.0135829  -0.00220648     0.164814    -0.953678     0.234334    0.0931385   -0.0324473
 0.000450366    0.0255738   -0.0527151   -0.0236832   -0.0816091  -0.00832031      0.07704   -0.0986736      1.01473    -0.111547

file 10
 file 10 0 & 0.260885 & 6.73912 & -7.78711e+252 \\
 file 10 0 & 0.739115 & 7.26088 & -7.78711e+252 \\
  0.00922633    -0.913222     0.041211   -0.0418951     0.459118    0.0941384    0.0409668  -0.00045804    0.0175116    0.0105383
   -0.072605     0.213319     -0.34329     0.354427     0.137924    -0.791734    -0.330296  0.000626899    -0.147469   -0.0810856
   0.0772641     -0.16822     0.558889    -0.418286    -0.313955    -0.388937    -0.157963   -0.0308084    -0.450892    0.0206276
   0.0409232    0.0919294     0.233621     0.557638     0.171571     0.386561    -0.172998   -0.0592127    -0.641372    0.0416474
    0.139774    0.0730816     0.702985     0.414356     0.139667    -0.201976     0.115897    0.0121865     0.519761    0.0123382
   0.0181663     0.412526      0.12562    -0.488999     0.767796    0.0362912    -0.203946   -0.0135668    -0.033573    0.0310175
    0.303663  -0.00628352   0.00321709     0.139395    0.0021937    -0.195691     0.932731    0.0580118    -0.236662   -0.0493603
     0.93567   -0.0262924    -0.173887  -0.00258056   -0.0490704    0.0734565    -0.265279   -0.0512394    0.0931106   -0.0719271
  -0.0668818  0.000599511   0.00786077    -0.035298   0.00111889  -0.00478545    0.0693084    -0.883043    0.0493316    -0.456344
   0.0725869  -0.00874511    0.0569358    0.0380081 -0.000367352   -0.0283758    0.0971313    -0.452772      0.11341     0.890832

