file 8
   -0.012265  0.000236536  -0.00193315   -0.0124489   -0.0015259  -0.00172385   -0.0040238   -0.0177389     -0.15168      1.01846
    0.111414  -0.00166308    0.0142508     0.091771    0.0107295  0.000961792    0.0155501   -0.0126229      1.05141   -0.0988473
  -0.0351651  1.54116e-05   -0.0369554   0.00573853  3.60874e-06    -0.204382     0.274107    -0.941035   -0.0131338   -0.0180329
   0.0133972    0.0369554  1.54116e-05 -3.60873e-06   0.00573853    0.0447645     0.963661     0.270506   -0.0118074   0.00699745
   -0.424271   0.00184593   -0.0188147    -0.121162   -0.0119132    -0.935212   -0.0116835     0.215856   -0.0308822   0.00748284
  0.00766409    -0.156869    0.0196381     0.126253      1.01024    0.0101133  0.000277556  -0.00252965    0.0109547  -0.00131944
  -0.0686681    0.0192469    -0.161791     -1.04189    -0.124169    -0.104378  -0.00258963    0.0255727    -0.092809    0.0106514
  0.00131237 -0.000412956     0.990224    -0.153764 -9.66965e-05   0.00762758   -0.0102298    0.0351197  0.000490156  0.000672994
-0.000499987    -0.990224 -0.000412956  9.66965e-05    -0.153764  -0.00167062   -0.0359641   -0.0100953  0.000440657 -0.000261146
     -1.0277  0.000653416  -0.00528284     -0.03402  -0.00421512     0.185956   0.00412958    0.0005306    -0.106481   0.00910632

file 9
 file 9 0 & 0.422972 & 6.57703 & -127.267 \\
 file 9 0 & 0.577028 & 7.42297 & -127.267 \\
    0.798367   -0.0660925   0.00297468   -0.0560069   -0.0952867    -0.616747     0.151794    0.0458648   -0.0150387    0.0201613
  -0.0940543     0.568078     0.216861       0.2639     0.782052    0.0800536   -0.0198837    0.0161349    0.0626734    -0.187578
   0.0163251    -0.215259     0.580464      0.73026    -0.250858 -0.000820588   -0.0358065    -0.147422  -0.00448119   -0.0182402
   0.0757514     0.033952   -0.0935495    -0.110518    0.0384935   -0.0257671    -0.200056    -0.958461   -0.0225157    -0.118069
     0.01117     0.156146    0.0349078     0.030684    0.0362673   -0.0109629   -0.0248505    -0.119199    0.0153115      1.01673
     0.60821    -0.112349     0.156399    -0.130118     0.102649      0.78412   -0.0951706    0.0486064    0.0025057   -0.0156681
  -0.0591954     0.762742    0.0238223   -0.0381467    -0.712853   -0.0921422  -0.00489406   -0.0136546  -0.00957419     0.106852
   -0.157868   -0.0434567     0.728306     -0.65078    0.0434144     -0.13942     0.022878  -0.00971789    0.0205757 -0.000898869
   0.0360091   -0.0128079   0.00897161   -0.0023854   0.00891607     -0.16387    -0.946515      0.26369   -0.0956354   0.00847064
  -0.0047747    -0.023262    0.0014751   -0.0303458    -0.062825    0.0106216    0.0937263   -0.0256052    -0.999311     0.234301

